2023-10-09 10:42:03 [main] ERROR - 

***************************
APPLICATION FAILED TO START
***************************

Description:

Parameter 0 of constructor in club.p6e.coat.demo.websocket.CustomController required a single bean, but 2 were found:
	- customAuth: defined in file [D:\CodeContents\github\p6e-coat-websocket\p6e-coat-starter-websocket-demo\target\classes\club\p6e\coat\demo\websocket\CustomAuth.class]
	- club.p6e.coat.websocket.DefaultAuth: defined in unknown location


Action:

Consider marking one of the beans as @Primary, updating the consumer to accept multiple beans, or using @Qualifier to identify the bean that should be consumed

2023-10-09 10:45:04 [main] ERROR - 

***************************
APPLICATION FAILED TO START
***************************

Description:

Parameter 0 of constructor in club.p6e.coat.demo.websocket.CustomController required a single bean, but 2 were found:
	- customAuth: defined in file [D:\CodeContents\github\p6e-coat-websocket\p6e-coat-starter-websocket-demo\target\classes\club\p6e\coat\demo\websocket\CustomAuth.class]
	- club.p6e.coat.websocket.DefaultAuth: defined in unknown location


Action:

Consider marking one of the beans as @Primary, updating the consumer to accept multiple beans, or using @Qualifier to identify the bean that should be consumed

2023-10-09 10:46:26 [main] ERROR - 

***************************
APPLICATION FAILED TO START
***************************

Description:

Parameter 0 of constructor in club.p6e.coat.demo.websocket.CustomController required a single bean, but 2 were found:
	- customAuth: defined in file [D:\CodeContents\github\p6e-coat-websocket\p6e-coat-starter-websocket-demo\target\classes\club\p6e\coat\demo\websocket\CustomAuth.class]
	- club.p6e.coat.websocket.DefaultAuth: defined in unknown location


Action:

Consider marking one of the beans as @Primary, updating the consumer to accept multiple beans, or using @Qualifier to identify the bean that should be consumed

2023-10-09 10:47:59 [main] ERROR - 

***************************
APPLICATION FAILED TO START
***************************

Description:

Parameter 0 of constructor in club.p6e.coat.demo.websocket.CustomController required a single bean, but 2 were found:
	- customAuth: defined in file [D:\CodeContents\github\p6e-coat-websocket\p6e-coat-starter-websocket-demo\target\classes\club\p6e\coat\demo\websocket\CustomAuth.class]
	- club.p6e.coat.websocket.DefaultAuth: defined in unknown location


Action:

Consider marking one of the beans as @Primary, updating the consumer to accept multiple beans, or using @Qualifier to identify the bean that should be consumed

2023-10-09 10:48:14 [main] ERROR - Application run failed
org.springframework.beans.factory.BeanCreationException: Error creating bean with name 'requestMappingHandlerMapping' defined in class path resource [org/springframework/boot/autoconfigure/web/servlet/WebMvcAutoConfiguration$EnableWebMvcConfiguration.class]: Ambiguous mapping. Cannot map 'club.p6e.coat.websocket.Controller' method 
club.p6e.coat.websocket.Controller#auth(HttpServletRequest)
to { [/auth]}: There is already 'customController' bean method
club.p6e.coat.demo.websocket.CustomController#auth(HttpServletRequest) mapped.
	at org.springframework.beans.factory.support.AbstractAutowireCapableBeanFactory.initializeBean(AbstractAutowireCapableBeanFactory.java:1770) ~[spring-beans-6.0.9.jar:6.0.9]
	at org.springframework.beans.factory.support.AbstractAutowireCapableBeanFactory.doCreateBean(AbstractAutowireCapableBeanFactory.java:598) ~[spring-beans-6.0.9.jar:6.0.9]
	at org.springframework.beans.factory.support.AbstractAutowireCapableBeanFactory.createBean(AbstractAutowireCapableBeanFactory.java:520) ~[spring-beans-6.0.9.jar:6.0.9]
	at org.springframework.beans.factory.support.AbstractBeanFactory.lambda$doGetBean$0(AbstractBeanFactory.java:326) ~[spring-beans-6.0.9.jar:6.0.9]
	at org.springframework.beans.factory.support.DefaultSingletonBeanRegistry.getSingleton(DefaultSingletonBeanRegistry.java:234) ~[spring-beans-6.0.9.jar:6.0.9]
	at org.springframework.beans.factory.support.AbstractBeanFactory.doGetBean(AbstractBeanFactory.java:324) ~[spring-beans-6.0.9.jar:6.0.9]
	at org.springframework.beans.factory.support.AbstractBeanFactory.getBean(AbstractBeanFactory.java:200) ~[spring-beans-6.0.9.jar:6.0.9]
	at org.springframework.beans.factory.support.DefaultListableBeanFactory.preInstantiateSingletons(DefaultListableBeanFactory.java:973) ~[spring-beans-6.0.9.jar:6.0.9]
	at org.springframework.context.support.AbstractApplicationContext.finishBeanFactoryInitialization(AbstractApplicationContext.java:941) ~[spring-context-6.0.9.jar:6.0.9]
	at org.springframework.context.support.AbstractApplicationContext.refresh(AbstractApplicationContext.java:608) ~[spring-context-6.0.9.jar:6.0.9]
	at org.springframework.boot.web.servlet.context.ServletWebServerApplicationContext.refresh(ServletWebServerApplicationContext.java:146) ~[spring-boot-3.1.0.jar:3.1.0]
	at org.springframework.boot.SpringApplication.refresh(SpringApplication.java:733) ~[spring-boot-3.1.0.jar:3.1.0]
	at org.springframework.boot.SpringApplication.refreshContext(SpringApplication.java:435) ~[spring-boot-3.1.0.jar:3.1.0]
	at org.springframework.boot.SpringApplication.run(SpringApplication.java:311) ~[spring-boot-3.1.0.jar:3.1.0]
	at org.springframework.boot.SpringApplication.run(SpringApplication.java:1305) ~[spring-boot-3.1.0.jar:3.1.0]
	at org.springframework.boot.SpringApplication.run(SpringApplication.java:1294) ~[spring-boot-3.1.0.jar:3.1.0]
	at club.p6e.coat.demo.websocket.P6eWebSocketDemoApplication.main(P6eWebSocketDemoApplication.java:16) ~[classes/:na]
Caused by: java.lang.IllegalStateException: Ambiguous mapping. Cannot map 'club.p6e.coat.websocket.Controller' method 
club.p6e.coat.websocket.Controller#auth(HttpServletRequest)
to { [/auth]}: There is already 'customController' bean method
club.p6e.coat.demo.websocket.CustomController#auth(HttpServletRequest) mapped.
	at org.springframework.web.servlet.handler.AbstractHandlerMethodMapping$MappingRegistry.validateMethodMapping(AbstractHandlerMethodMapping.java:667) ~[spring-webmvc-6.0.9.jar:6.0.9]
	at org.springframework.web.servlet.handler.AbstractHandlerMethodMapping$MappingRegistry.register(AbstractHandlerMethodMapping.java:633) ~[spring-webmvc-6.0.9.jar:6.0.9]
	at org.springframework.web.servlet.handler.AbstractHandlerMethodMapping.registerHandlerMethod(AbstractHandlerMethodMapping.java:331) ~[spring-webmvc-6.0.9.jar:6.0.9]
	at org.springframework.web.servlet.mvc.method.annotation.RequestMappingHandlerMapping.registerHandlerMethod(RequestMappingHandlerMapping.java:438) ~[spring-webmvc-6.0.9.jar:6.0.9]
	at org.springframework.web.servlet.mvc.method.annotation.RequestMappingHandlerMapping.registerHandlerMethod(RequestMappingHandlerMapping.java:76) ~[spring-webmvc-6.0.9.jar:6.0.9]
	at org.springframework.web.servlet.handler.AbstractHandlerMethodMapping.lambda$detectHandlerMethods$2(AbstractHandlerMethodMapping.java:298) ~[spring-webmvc-6.0.9.jar:6.0.9]
	at java.base/java.util.LinkedHashMap.forEach(LinkedHashMap.java:721) ~[na:na]
	at org.springframework.web.servlet.handler.AbstractHandlerMethodMapping.detectHandlerMethods(AbstractHandlerMethodMapping.java:296) ~[spring-webmvc-6.0.9.jar:6.0.9]
	at org.springframework.web.servlet.handler.AbstractHandlerMethodMapping.processCandidateBean(AbstractHandlerMethodMapping.java:265) ~[spring-webmvc-6.0.9.jar:6.0.9]
	at org.springframework.web.servlet.handler.AbstractHandlerMethodMapping.initHandlerMethods(AbstractHandlerMethodMapping.java:224) ~[spring-webmvc-6.0.9.jar:6.0.9]
	at org.springframework.web.servlet.handler.AbstractHandlerMethodMapping.afterPropertiesSet(AbstractHandlerMethodMapping.java:212) ~[spring-webmvc-6.0.9.jar:6.0.9]
	at org.springframework.web.servlet.mvc.method.annotation.RequestMappingHandlerMapping.afterPropertiesSet(RequestMappingHandlerMapping.java:225) ~[spring-webmvc-6.0.9.jar:6.0.9]
	at org.springframework.beans.factory.support.AbstractAutowireCapableBeanFactory.invokeInitMethods(AbstractAutowireCapableBeanFactory.java:1816) ~[spring-beans-6.0.9.jar:6.0.9]
	at org.springframework.beans.factory.support.AbstractAutowireCapableBeanFactory.initializeBean(AbstractAutowireCapableBeanFactory.java:1766) ~[spring-beans-6.0.9.jar:6.0.9]
	... 16 common frames omitted
2023-10-09 10:53:42 [http-nio-9000-exec-3] ERROR - { AUTH_EXCEPTION <2000> } ::: [ class club.p6e.coat.demo.websocket.CustomAuth ] => (class club.p6e.coat.common.error.AuthException) ===> fun award(HttpServletRequest request).
2023-10-09 10:54:21 [http-nio-9000-exec-4] ERROR - { AUTH_EXCEPTION <2000> } ::: [ class club.p6e.coat.demo.websocket.CustomAuth ] => (class club.p6e.coat.common.error.AuthException) ===> fun award(HttpServletRequest request).
2023-10-09 11:31:57 [http-nio-9000-exec-1] ERROR - { PARAMETER_EXCEPTION <1000> } ::: [ class club.p6e.coat.demo.websocket.CustomController ] => (class club.p6e.coat.common.error.ParameterException) ===> fun push(PushParam param).
2023-10-09 11:32:28 [http-nio-9000-exec-3] ERROR - { PARAMETER_EXCEPTION <1000> } ::: [ class club.p6e.coat.demo.websocket.CustomController ] => (class club.p6e.coat.common.error.ParameterException) ===> fun push(PushParam param).
2023-10-09 11:33:02 [http-nio-9000-exec-1] ERROR - { PARAMETER_EXCEPTION <1000> } ::: [ class club.p6e.coat.demo.websocket.CustomController ] => (class club.p6e.coat.common.error.ParameterException) ===> fun push(PushParam param).
